Using pre-set license
Built from '2020.3/staging' branch; Version is '2020.3.4f1 (0abb6314276a) revision 703331'; Using compiler version '192528614'; Build Type 'Release'
OS: 'Windows 10 Home; OS build 19041.928; Version 2004; 64bit' Language: 'ro' Physical Memory: 8052 MB
BatchMode: 1, IsHumanControllingUs: 0, StartBugReporterOnCrash: 0, Is64bit: 1, IsPro: 0

 COMMAND LINE ARGUMENTS:
C:\Program Files\Unity\Hub\Editor\2020.3.4f1\Editor\Unity.exe
-adb2
-batchMode
-noUpm
-name
AssetImportWorker1
-projectPath
C:/Users/maria/Desktop/HeadsUP-main/heads-up/headsup
-logFile
Logs/AssetImportWorker1.log
-srvPort
58677
Successfully changed project path to: C:/Users/maria/Desktop/HeadsUP-main/heads-up/headsup
C:/Users/maria/Desktop/HeadsUP-main/heads-up/headsup
Using Asset Import Pipeline V2.
Refreshing native plugins compatible for Editor in 34.66 ms, found 0 plugins.
Preloading 0 native plugins for Editor in 0.00 ms.
Initialize engine version: 2020.3.4f1 (0abb6314276a)
[Subsystems] Discovering subsystems at path C:/Program Files/Unity/Hub/Editor/2020.3.4f1/Editor/Data/Resources/UnitySubsystems
[Subsystems] Discovering subsystems at path C:/Users/maria/Desktop/HeadsUP-main/heads-up/headsup/Assets
GfxDevice: creating device client; threaded=0
Direct3D:
    Version:  Direct3D 11.0 [level 11.1]
    Renderer: Intel(R) UHD Graphics 620 (ID=0x5917)
    Vendor:   
    VRAM:     4026 MB
    Driver:   27.20.100.8682
Initialize mono
Mono path[0] = 'C:/Program Files/Unity/Hub/Editor/2020.3.4f1/Editor/Data/Managed'
Mono path[1] = 'C:/Program Files/Unity/Hub/Editor/2020.3.4f1/Editor/Data/MonoBleedingEdge/lib/mono/unityjit'
Mono config path = 'C:/Program Files/Unity/Hub/Editor/2020.3.4f1/Editor/Data/MonoBleedingEdge/etc'
Using monoOptions --debugger-agent=transport=dt_socket,embedding=1,server=y,suspend=n,address=127.0.0.1:56100
Begin MonoManager ReloadAssembly
Registering precompiled unity dll's ...
Register platform support module: C:/Program Files/Unity/Hub/Editor/2020.3.4f1/Editor/Data/PlaybackEngines/WebGLSupport/UnityEditor.WebGL.Extensions.dll
Register platform support module: C:/Program Files/Unity/Hub/Editor/2020.3.4f1/Editor/Data/PlaybackEngines/WindowsStandaloneSupport/UnityEditor.WindowsStandalone.Extensions.dll
Registered in 0.004000 seconds.
Native extension for WindowsStandalone target not found
Native extension for WebGL target not found
Refreshing native plugins compatible for Editor in 33.80 ms, found 0 plugins.
Preloading 0 native plugins for Editor in 0.00 ms.
Mono: successfully reloaded assembly
- Completed reload, in 12.963 seconds
Platform modules already initialized, skipping
Registering precompiled user dll's ...
Registered in 0.001200 seconds.
Begin MonoManager ReloadAssembly
Native extension for WindowsStandalone target not found
Native extension for WebGL target not found
Refreshing native plugins compatible for Editor in 0.37 ms, found 0 plugins.
Preloading 0 native plugins for Editor in 0.00 ms.
Mono: successfully reloaded assembly
- Completed reload, in  1.032 seconds
Platform modules already initialized, skipping
========================================================================
Worker process is ready to serve import requests
Launched and connected shader compiler UnityShaderCompiler.exe after 0.11 seconds
Refreshing native plugins compatible for Editor in 0.76 ms, found 0 plugins.
Preloading 0 native plugins for Editor in 0.00 ms.
Unloading 1139 Unused Serialized files (Serialized files now loaded: 0)
System memory in use before: 63.1 MB.
System memory in use after: 63.2 MB.

Unloading 9 unused Assets to reduce memory usage. Loaded Objects now: 1586.
Total: 3.543200 ms (FindLiveObjects: 0.282600 ms CreateObjectMapping: 0.089100 ms MarkObjects: 3.036300 ms  DeleteObjects: 0.132800 ms)

========================================================================
Received Import Request.
  path: Assets/Scenes/Rules.unity
  artifactKey: Guid(300c4d7fddaa4604088d1c51f9f7e57d) Importer(815301076,1909f56bfc062723c751e8b465ee728b)
Start importing Assets/Scenes/Rules.unity using Guid(300c4d7fddaa4604088d1c51f9f7e57d) Importer(815301076,1909f56bfc062723c751e8b465ee728b)  -> (artifact id: '67f325acbc369da63a0992ef22ec667c') in 0.021884 seconds
  Import took 0.024607 seconds .

========================================================================
Received Prepare
Registering precompiled user dll's ...
Registered in 0.001233 seconds.
Begin MonoManager ReloadAssembly
Native extension for WindowsStandalone target not found
Native extension for WebGL target not found
Refreshing native plugins compatible for Editor in 0.39 ms, found 0 plugins.
Preloading 0 native plugins for Editor in 0.00 ms.
Mono: successfully reloaded assembly
- Completed reload, in  1.197 seconds
Platform modules already initialized, skipping
Refreshing native plugins compatible for Editor in 0.35 ms, found 0 plugins.
Preloading 0 native plugins for Editor in 0.00 ms.
Unloading 1118 Unused Serialized files (Serialized files now loaded: 0)
System memory in use before: 61.5 MB.
System memory in use after: 61.6 MB.

Unloading 4 unused Assets to reduce memory usage. Loaded Objects now: 1589.
Total: 2.372100 ms (FindLiveObjects: 0.171400 ms CreateObjectMapping: 0.050400 ms MarkObjects: 2.126000 ms  DeleteObjects: 0.023000 ms)

========================================================================
Received Import Request.
  Time since last request: 61.539560 seconds.
  path: Assets/Scenes/Menu.unity
  artifactKey: Guid(2a0f2a922a78beb41a773cc91b101c2c) Importer(815301076,1909f56bfc062723c751e8b465ee728b)
Start importing Assets/Scenes/Menu.unity using Guid(2a0f2a922a78beb41a773cc91b101c2c) Importer(815301076,1909f56bfc062723c751e8b465ee728b)  -> (artifact id: '8f4d3f90e74d77ea9e528dcd6647eb0c') in 0.024702 seconds
  Import took 0.033742 seconds .

========================================================================
Received Prepare
Registering precompiled user dll's ...
Registered in 0.001172 seconds.
Begin MonoManager ReloadAssembly
Native extension for WindowsStandalone target not found
Native extension for WebGL target not found
Refreshing native plugins compatible for Editor in 0.42 ms, found 0 plugins.
Preloading 0 native plugins for Editor in 0.00 ms.
Mono: successfully reloaded assembly
- Completed reload, in  1.086 seconds
Platform modules already initialized, skipping
Refreshing native plugins compatible for Editor in 0.31 ms, found 0 plugins.
Preloading 0 native plugins for Editor in 0.00 ms.
Unloading 1118 Unused Serialized files (Serialized files now loaded: 0)
System memory in use before: 61.6 MB.
System memory in use after: 61.6 MB.

Unloading 4 unused Assets to reduce memory usage. Loaded Objects now: 1592.
Total: 3.257900 ms (FindLiveObjects: 0.246100 ms CreateObjectMapping: 0.067900 ms MarkObjects: 2.920500 ms  DeleteObjects: 0.021700 ms)

========================================================================
Received Import Request.
  Time since last request: 18.883574 seconds.
  path: Assets/Scenes/GameWon.unity
  artifactKey: Guid(83d0000b56f016c4799509779efaab5b) Importer(815301076,1909f56bfc062723c751e8b465ee728b)
Start importing Assets/Scenes/GameWon.unity using Guid(83d0000b56f016c4799509779efaab5b) Importer(815301076,1909f56bfc062723c751e8b465ee728b)  -> (artifact id: 'abd852084115a9e011116f0aea3c29a1') in 0.021121 seconds
  Import took 0.033377 seconds .

========================================================================
Received Import Request.
  Time since last request: 8.773972 seconds.
  path: Assets/Scenes/GameFinish.unity
  artifactKey: Guid(faa8bf640b7beac4094a08e3725176d8) Importer(815301076,1909f56bfc062723c751e8b465ee728b)
Start importing Assets/Scenes/GameFinish.unity using Guid(faa8bf640b7beac4094a08e3725176d8) Importer(815301076,1909f56bfc062723c751e8b465ee728b)  -> (artifact id: '398660bbb34acf8c803cc55fcaece528') in 0.013780 seconds
  Import took 0.017202 seconds .

========================================================================
Received Import Request.
  Time since last request: 7.642906 seconds.
  path: Assets/Scenes/Menu.unity
  artifactKey: Guid(2a0f2a922a78beb41a773cc91b101c2c) Importer(815301076,1909f56bfc062723c751e8b465ee728b)
Start importing Assets/Scenes/Menu.unity using Guid(2a0f2a922a78beb41a773cc91b101c2c) Importer(815301076,1909f56bfc062723c751e8b465ee728b)  -> (artifact id: 'c36585f64f80ccf7b3a8fc35bfc7947e') in 0.004351 seconds
  Import took 0.014042 seconds .

========================================================================
Received Prepare
Registering precompiled user dll's ...
Registered in 0.001147 seconds.
Begin MonoManager ReloadAssembly
Native extension for WindowsStandalone target not found
Native extension for WebGL target not found
Refreshing native plugins compatible for Editor in 0.34 ms, found 0 plugins.
Preloading 0 native plugins for Editor in 0.00 ms.
Mono: successfully reloaded assembly
- Completed reload, in  1.098 seconds
Platform modules already initialized, skipping
Refreshing native plugins compatible for Editor in 0.47 ms, found 0 plugins.
Preloading 0 native plugins for Editor in 0.00 ms.
Unloading 1118 Unused Serialized files (Serialized files now loaded: 0)
System memory in use before: 61.6 MB.
System memory in use after: 61.7 MB.

Unloading 4 unused Assets to reduce memory usage. Loaded Objects now: 1595.
Total: 1.801900 ms (FindLiveObjects: 0.146700 ms CreateObjectMapping: 0.037200 ms MarkObjects: 1.599500 ms  DeleteObjects: 0.017300 ms)

========================================================================
Received Import Request.
  Time since last request: 19.246134 seconds.
  path: Assets/Scenes/Rules.unity
  artifactKey: Guid(300c4d7fddaa4604088d1c51f9f7e57d) Importer(815301076,1909f56bfc062723c751e8b465ee728b)
Start importing Assets/Scenes/Rules.unity using Guid(300c4d7fddaa4604088d1c51f9f7e57d) Importer(815301076,1909f56bfc062723c751e8b465ee728b)  -> (artifact id: '84dcdbed4bc6933a9dfe24c22c87b6be') in 0.016560 seconds
  Import took 0.019286 seconds .

========================================================================
Received Prepare
Registering precompiled user dll's ...
Registered in 0.001238 seconds.
Begin MonoManager ReloadAssembly
Native extension for WindowsStandalone target not found
Native extension for WebGL target not found
Refreshing native plugins compatible for Editor in 0.36 ms, found 0 plugins.
Preloading 0 native plugins for Editor in 0.00 ms.
Mono: successfully reloaded assembly
- Completed reload, in  1.173 seconds
Platform modules already initialized, skipping
Refreshing native plugins compatible for Editor in 0.39 ms, found 0 plugins.
Preloading 0 native plugins for Editor in 0.00 ms.
Unloading 1118 Unused Serialized files (Serialized files now loaded: 0)
System memory in use before: 61.6 MB.
System memory in use after: 61.7 MB.

Unloading 4 unused Assets to reduce memory usage. Loaded Objects now: 1598.
Total: 3.003400 ms (FindLiveObjects: 0.181400 ms CreateObjectMapping: 0.059900 ms MarkObjects: 2.737900 ms  DeleteObjects: 0.022400 ms)

========================================================================
Received Prepare
Registering precompiled user dll's ...
Registered in 0.001702 seconds.
Begin MonoManager ReloadAssembly
Native extension for WindowsStandalone target not found
Native extension for WebGL target not found
Refreshing native plugins compatible for Editor in 0.33 ms, found 0 plugins.
Preloading 0 native plugins for Editor in 0.00 ms.
Mono: successfully reloaded assembly
- Completed reload, in  1.266 seconds
Platform modules already initialized, skipping
Refreshing native plugins compatible for Editor in 0.54 ms, found 0 plugins.
Preloading 0 native plugins for Editor in 0.00 ms.
Unloading 1118 Unused Serialized files (Serialized files now loaded: 0)
System memory in use before: 61.6 MB.
System memory in use after: 61.7 MB.

Unloading 4 unused Assets to reduce memory usage. Loaded Objects now: 1601.
Total: 2.706100 ms (FindLiveObjects: 0.213200 ms CreateObjectMapping: 0.054400 ms MarkObjects: 2.411300 ms  DeleteObjects: 0.025600 ms)

========================================================================
Received Prepare
Registering precompiled user dll's ...
Registered in 0.001205 seconds.
Begin MonoManager ReloadAssembly
Native extension for WindowsStandalone target not found
Native extension for WebGL target not found
Refreshing native plugins compatible for Editor in 0.42 ms, found 0 plugins.
Preloading 0 native plugins for Editor in 0.00 ms.
Mono: successfully reloaded assembly
- Completed reload, in  1.839 seconds
Platform modules already initialized, skipping
Refreshing native plugins compatible for Editor in 0.31 ms, found 0 plugins.
Preloading 0 native plugins for Editor in 0.00 ms.
Unloading 1118 Unused Serialized files (Serialized files now loaded: 0)
System memory in use before: 61.6 MB.
System memory in use after: 61.7 MB.

Unloading 4 unused Assets to reduce memory usage. Loaded Objects now: 1604.
Total: 2.858200 ms (FindLiveObjects: 0.283000 ms CreateObjectMapping: 0.081500 ms MarkObjects: 2.467700 ms  DeleteObjects: 0.023900 ms)

========================================================================
Received Prepare
Refreshing native plugins compatible for Editor in 1.55 ms, found 0 plugins.
Preloading 0 native plugins for Editor in 0.00 ms.
Unloading 3 Unused Serialized files (Serialized files now loaded: 0)
System memory in use before: 39.5 MB.
System memory in use after: 39.6 MB.

Unloading 2 unused Assets to reduce memory usage. Loaded Objects now: 1604.
Total: 3.539400 ms (FindLiveObjects: 0.183800 ms CreateObjectMapping: 0.066800 ms MarkObjects: 3.262600 ms  DeleteObjects: 0.023600 ms)

========================================================================
Received Prepare
Registering precompiled user dll's ...
Registered in 0.001795 seconds.
Begin MonoManager ReloadAssembly
Native extension for WindowsStandalone target not found
Native extension for WebGL target not found
Refreshing native plugins compatible for Editor in 0.32 ms, found 0 plugins.
Preloading 0 native plugins for Editor in 0.00 ms.
Mono: successfully reloaded assembly
- Completed reload, in  1.234 seconds
Platform modules already initialized, skipping
Refreshing native plugins compatible for Editor in 0.56 ms, found 0 plugins.
Preloading 0 native plugins for Editor in 0.00 ms.
Unloading 1118 Unused Serialized files (Serialized files now loaded: 0)
System memory in use before: 61.6 MB.
System memory in use after: 61.7 MB.

Unloading 4 unused Assets to reduce memory usage. Loaded Objects now: 1607.
Total: 3.314200 ms (FindLiveObjects: 0.213500 ms CreateObjectMapping: 0.060000 ms MarkObjects: 3.014300 ms  DeleteObjects: 0.024100 ms)

========================================================================
Received Prepare
Registering precompiled user dll's ...
Registered in 0.001762 seconds.
Begin MonoManager ReloadAssembly
Native extension for WindowsStandalone target not found
Native extension for WebGL target not found
Refreshing native plugins compatible for Editor in 0.33 ms, found 0 plugins.
Preloading 0 native plugins for Editor in 0.00 ms.
Mono: successfully reloaded assembly
- Completed reload, in  1.166 seconds
Platform modules already initialized, skipping
Refreshing native plugins compatible for Editor in 0.34 ms, found 0 plugins.
Preloading 0 native plugins for Editor in 0.00 ms.
Unloading 1118 Unused Serialized files (Serialized files now loaded: 0)
System memory in use before: 61.6 MB.
System memory in use after: 61.7 MB.

Unloading 4 unused Assets to reduce memory usage. Loaded Objects now: 1610.
Total: 3.076000 ms (FindLiveObjects: 0.310400 ms CreateObjectMapping: 0.156100 ms MarkObjects: 2.583700 ms  DeleteObjects: 0.023300 ms)

========================================================================
Received Prepare
Refreshing native plugins compatible for Editor in 1.05 ms, found 0 plugins.
Preloading 0 native plugins for Editor in 0.00 ms.
Unloading 3 Unused Serialized files (Serialized files now loaded: 0)
System memory in use before: 39.5 MB.
System memory in use after: 39.6 MB.

Unloading 2 unused Assets to reduce memory usage. Loaded Objects now: 1610.
Total: 2.360200 ms (FindLiveObjects: 0.143000 ms CreateObjectMapping: 0.045400 ms MarkObjects: 2.156300 ms  DeleteObjects: 0.014300 ms)

========================================================================
Received Prepare
Refreshing native plugins compatible for Editor in 1.92 ms, found 0 plugins.
Preloading 0 native plugins for Editor in 0.00 ms.
Unloading 3 Unused Serialized files (Serialized files now loaded: 0)
System memory in use before: 39.5 MB.
System memory in use after: 39.6 MB.

Unloading 2 unused Assets to reduce memory usage. Loaded Objects now: 1610.
Total: 2.508000 ms (FindLiveObjects: 0.176100 ms CreateObjectMapping: 0.052000 ms MarkObjects: 2.253400 ms  DeleteObjects: 0.024000 ms)

========================================================================
Received Prepare
Registering precompiled user dll's ...
Registered in 0.002892 seconds.
Begin MonoManager ReloadAssembly
Native extension for WindowsStandalone target not found
Native extension for WebGL target not found
Refreshing native plugins compatible for Editor in 0.55 ms, found 0 plugins.
Preloading 0 native plugins for Editor in 0.00 ms.
Mono: successfully reloaded assembly
- Completed reload, in  2.086 seconds
Platform modules already initialized, skipping
Refreshing native plugins compatible for Editor in 0.45 ms, found 0 plugins.
Preloading 0 native plugins for Editor in 0.00 ms.
Unloading 1118 Unused Serialized files (Serialized files now loaded: 0)
System memory in use before: 61.6 MB.
System memory in use after: 61.7 MB.

Unloading 4 unused Assets to reduce memory usage. Loaded Objects now: 1613.
Total: 3.288300 ms (FindLiveObjects: 0.263200 ms CreateObjectMapping: 0.068600 ms MarkObjects: 2.928700 ms  DeleteObjects: 0.025400 ms)

========================================================================
Received Prepare
Refreshing native plugins compatible for Editor in 5.10 ms, found 0 plugins.
Preloading 0 native plugins for Editor in 0.00 ms.
Unloading 3 Unused Serialized files (Serialized files now loaded: 0)
System memory in use before: 39.5 MB.
System memory in use after: 39.6 MB.

Unloading 2 unused Assets to reduce memory usage. Loaded Objects now: 1613.
Total: 3.423700 ms (FindLiveObjects: 0.398300 ms CreateObjectMapping: 0.114200 ms MarkObjects: 2.887000 ms  DeleteObjects: 0.020400 ms)

========================================================================
Received Prepare
Registering precompiled user dll's ...
Registered in 0.004031 seconds.
Begin MonoManager ReloadAssembly
Native extension for WindowsStandalone target not found
Native extension for WebGL target not found
Refreshing native plugins compatible for Editor in 0.49 ms, found 0 plugins.
Preloading 0 native plugins for Editor in 0.00 ms.
Mono: successfully reloaded assembly
- Completed reload, in  3.046 seconds
Platform modules already initialized, skipping
Refreshing native plugins compatible for Editor in 0.77 ms, found 0 plugins.
Preloading 0 native plugins for Editor in 0.00 ms.
Unloading 1118 Unused Serialized files (Serialized files now loaded: 0)
System memory in use before: 61.6 MB.
System memory in use after: 61.7 MB.

Unloading 4 unused Assets to reduce memory usage. Loaded Objects now: 1616.
Total: 6.892500 ms (FindLiveObjects: 0.328200 ms CreateObjectMapping: 0.212700 ms MarkObjects: 6.302900 ms  DeleteObjects: 0.044400 ms)

========================================================================
Received Prepare
Refreshing native plugins compatible for Editor in 1.68 ms, found 0 plugins.
Preloading 0 native plugins for Editor in 0.00 ms.
Unloading 3 Unused Serialized files (Serialized files now loaded: 0)
System memory in use before: 39.5 MB.
System memory in use after: 39.6 MB.

Unloading 2 unused Assets to reduce memory usage. Loaded Objects now: 1616.
Total: 4.075000 ms (FindLiveObjects: 0.461200 ms CreateObjectMapping: 0.119800 ms MarkObjects: 3.459700 ms  DeleteObjects: 0.031300 ms)

AssetImportWorkerClient::OnTransportError - code=2 error=End of file
